C51 COMPILER V9.60.7.0   MAIN                                                              01/18/2024 21:03:47 PAGE 1   


C51 COMPILER V9.60.7.0, COMPILATION OF MODULE MAIN
OBJECT MODULE PLACED IN .\obj\main.obj
COMPILER INVOKED BY: C:\Keil_v5\C51\BIN\C51.EXE src\main.c OPTIMIZE(0,SPEED) REGFILE(.\obj\stc_usb_keyboard.ORC) BROWSE 
                    -DEBUG OBJECTEXTEND PRINT(.\obj\main.lst) TABS(2) OBJECT(.\obj\main.obj)

line level    source

   1          /*---------------------------------------------------------------------*/
   2          /* --- STC MCU Limited ------------------------------------------------*/
   3          /* --- STC 1T Series MCU Demo Programme -------------------------------*/
   4          /* --- Mobile: (86)13922805190 ----------------------------------------*/
   5          /* --- Fax: 86-0513-55012956,55012947,55012969 ------------------------*/
   6          /* --- Tel: 86-0513-55012928,55012929,55012966 ------------------------*/
   7          /* --- Web: www.STCAI.com ---------------------------------------------*/
   8          /* --- Web: www.STCMCUDATA.com  ---------------------------------------*/
   9          /* --- BBS: www.STCAIMCU.com  -----------------------------------------*/
  10          /* --- QQ:  800003751 -------------------------------------------------*/
  11          /* 如果要在程序中使用此代码,请在程序中注明使用了STC的资料及程序        */
  12          /*---------------------------------------------------------------------*/
  13          
  14          /*************  功能说明    **************
  15          
  16          本例程基于STC8H8K64U为主控芯片的实验箱9进行编写测试.
  17          
  18          基于HID协议的USB键盘范例
  19          
  20          将代码下载到试验箱后即可实现USB键盘的基本功能
  21          跑马灯中的LED17为NumLock灯、LED16为CapsLock灯、LED15为ScrollLock灯
  22          矩阵按键中的KEY0~KEY7分别为键盘中的1~8
  23          
  24          下载时, 设置IRC工作频率为 24MHz.
  25          
  26          ******************************************/
  27          
  28          #include "stc.h"
  29          #include "usb.h"
  30          #include "usb_req_class.h"
  31          #include "timer.h"
  32          
  33          void sys_init();
  34          
  35          void main()
  36          {
  37   1      //  char i,j;
  38   1          P_SW2 |= 0x80;  //扩展寄存器(XFR)访问使能
  39   1          P3M0 = 0x10;
  40   1          P3M1 = 0x03;
  41   1          //P34=1;
  42   1          
  43   1        
  44   1          usb_init();
  45   1          timer_init();
  46   1      
  47   1          EA = 1;
  48   1          
  49   1          while (1)
  50   1          {
  51   2              usb_class_in();
  52   2              
  53   2              if (f1ms)
  54   2              {
C51 COMPILER V9.60.7.0   MAIN                                                              01/18/2024 21:03:47 PAGE 2   

  55   3                  f1ms = 0;
  56   3                  scan_key();
  57   3                P34=0;
  58   3              }
  59   2          }
  60   1      }


MODULE INFORMATION:   STATIC OVERLAYABLE
   CODE SIZE        =     33    ----
   CONSTANT SIZE    =   ----    ----
   XDATA SIZE       =   ----    ----
   PDATA SIZE       =   ----    ----
   DATA SIZE        =   ----    ----
   IDATA SIZE       =   ----    ----
   BIT SIZE         =   ----    ----
END OF MODULE INFORMATION.


C51 COMPILATION COMPLETE.  0 WARNING(S),  0 ERROR(S)
