C51 COMPILER V9.60.7.0   TIMER                                                             01/18/2024 21:03:48 PAGE 1   


C51 COMPILER V9.60.7.0, COMPILATION OF MODULE TIMER
OBJECT MODULE PLACED IN .\obj\timer.obj
COMPILER INVOKED BY: C:\Keil_v5\C51\BIN\C51.EXE src\timer.c OPTIMIZE(0,SPEED) REGFILE(.\obj\stc_usb_keyboard.ORC) BROWSE
                    - DEBUG OBJECTEXTEND PRINT(.\obj\timer.lst) TABS(2) OBJECT(.\obj\timer.obj)

line level    source

   1          /*---------------------------------------------------------------------*/
   2          /* --- STC MCU Limited ------------------------------------------------*/
   3          /* --- STC 1T Series MCU Demo Programme -------------------------------*/
   4          /* --- Mobile: (86)13922805190 ----------------------------------------*/
   5          /* --- Fax: 86-0513-55012956,55012947,55012969 ------------------------*/
   6          /* --- Tel: 86-0513-55012928,55012929,55012966 ------------------------*/
   7          /* --- Web: www.STCAI.com ---------------------------------------------*/
   8          /* --- Web: www.STCMCUDATA.com  ---------------------------------------*/
   9          /* --- BBS: www.STCAIMCU.com  -----------------------------------------*/
  10          /* --- QQ:  800003751 -------------------------------------------------*/
  11          /* 如果要在程序中使用此代码,请在程序中注明使用了STC的资料及程序        */
  12          /*---------------------------------------------------------------------*/
  13          
  14          #include "stc.h"
  15          #include "timer.h"
  16          
  17          #define TM_1MS      (65536 - FOSC/1000)
  18          
  19          BOOL f1ms;
  20          
  21          void timer_init()
  22          {
  23   1          f1ms = 0;
  24   1          AUXR |= 0x80;
  25   1          TMOD &= ~0x0f;
  26   1          TL0 = TM_1MS;
  27   1          TH0 = TM_1MS >> 8;
  28   1          TR0 = 1;
  29   1          ET0 = 1;
  30   1      }
  31          
  32          void timer0_isr() interrupt 1
  33          {
  34   1          f1ms = 1;
  35   1      }


MODULE INFORMATION:   STATIC OVERLAYABLE
   CODE SIZE        =     22    ----
   CONSTANT SIZE    =   ----    ----
   XDATA SIZE       =   ----    ----
   PDATA SIZE       =   ----    ----
   DATA SIZE        =   ----    ----
   IDATA SIZE       =   ----    ----
   BIT SIZE         =      1    ----
END OF MODULE INFORMATION.


C51 COMPILATION COMPLETE.  0 WARNING(S),  0 ERROR(S)
