C51 COMPILER V9.60.7.0   UTIL                                                              01/18/2024 21:03:48 PAGE 1   


C51 COMPILER V9.60.7.0, COMPILATION OF MODULE UTIL
OBJECT MODULE PLACED IN .\obj\util.obj
COMPILER INVOKED BY: C:\Keil_v5\C51\BIN\C51.EXE src\util.c OPTIMIZE(0,SPEED) REGFILE(.\obj\stc_usb_keyboard.ORC) BROWSE 
                    -DEBUG OBJECTEXTEND PRINT(.\obj\util.lst) TABS(2) OBJECT(.\obj\util.obj)

line level    source

   1          /*---------------------------------------------------------------------*/
   2          /* --- STC MCU Limited ------------------------------------------------*/
   3          /* --- STC 1T Series MCU Demo Programme -------------------------------*/
   4          /* --- Mobile: (86)13922805190 ----------------------------------------*/
   5          /* --- Fax: 86-0513-55012956,55012947,55012969 ------------------------*/
   6          /* --- Tel: 86-0513-55012928,55012929,55012966 ------------------------*/
   7          /* --- Web: www.STCAI.com ---------------------------------------------*/
   8          /* --- Web: www.STCMCUDATA.com  ---------------------------------------*/
   9          /* --- BBS: www.STCAIMCU.com  -----------------------------------------*/
  10          /* --- QQ:  800003751 -------------------------------------------------*/
  11          /* 如果要在程序中使用此代码,请在程序中注明使用了STC的资料及程序        */
  12          /*---------------------------------------------------------------------*/
  13          
  14          #include "stc.h"
  15          #include "util.h"
  16          
  17          //DWORD reverse4(DWORD d)
  18          //{   
  19          //    DWORD ret;
  20          //    
  21          //    ((BYTE *)&ret)[0] = ((BYTE *)&d)[3];
  22          //    ((BYTE *)&ret)[1] = ((BYTE *)&d)[2];
  23          //    ((BYTE *)&ret)[2] = ((BYTE *)&d)[1];
  24          //    ((BYTE *)&ret)[3] = ((BYTE *)&d)[0];
  25          //
  26          //    return ret;
  27          //}
  28             
  29          WORD reverse2(WORD w)
  30          {
  31   1          WORD ret;
  32   1          
  33   1          ((BYTE *)&ret)[0] = ((BYTE *)&w)[1];
  34   1          ((BYTE *)&ret)[1] = ((BYTE *)&w)[0];
  35   1      
  36   1          return ret;
  37   1      }


MODULE INFORMATION:   STATIC OVERLAYABLE
   CODE SIZE        =     15    ----
   CONSTANT SIZE    =   ----    ----
   XDATA SIZE       =   ----    ----
   PDATA SIZE       =   ----    ----
   DATA SIZE        =      4    ----
   IDATA SIZE       =   ----    ----
   BIT SIZE         =   ----    ----
END OF MODULE INFORMATION.


C51 COMPILATION COMPLETE.  0 WARNING(S),  0 ERROR(S)
